# JRE version: OpenJDK Runtime Environment JBR-11.0.11.9-1504.13-jcef (11.0.11+9) (build 11.0.11+9-b1504.13)
# Java VM: OpenJDK 64-Bit Server VM JBR-11.0.11.9-1504.13-jcef (11.0.11+9-b1504.13, mixed mode, tiered, compressed oops, g1 gc, linux-amd64)
Heap:
 garbage-first heap   total 131072K, used 9594K [0x0000000082e00000, 0x0000000100000000)
  region size 1024K, 4 young (4096K), 0 survivors (0K)
 Metaspace       used 21563K, capacity 21947K, committed 22960K, reserved 1069056K
  class space    used 2157K, capacity 2284K, committed 2560K, reserved 1048576K
GC Heap History (14 events):
Event: 0,635 GC heap before
{Heap before GC invocations=0 (full 0):
 garbage-first heap   total 131072K, used 24576K [0x0000000082e00000, 0x0000000100000000)
  region size 1024K, 24 young (24576K), 0 survivors (0K)
 Metaspace       used 15549K, capacity 16098K, committed 16256K, reserved 1062912K
  class space    used 1657K, capacity 1875K, committed 1920K, reserved 1048576K
}
Event: 0,640 GC heap after
{Heap after GC invocations=1 (full 0):
 garbage-first heap   total 131072K, used 6141K [0x0000000082e00000, 0x0000000100000000)
  region size 1024K, 3 young (3072K), 3 survivors (3072K)
 Metaspace       used 15549K, capacity 16098K, committed 16256K, reserved 1062912K
  class space    used 1657K, capacity 1875K, committed 1920K, reserved 1048576K
}
Event: 1,239 GC heap before
{Heap before GC invocations=1 (full 0):
 garbage-first heap   total 131072K, used 17405K [0x0000000082e00000, 0x0000000100000000)
  region size 1024K, 15 young (15360K), 3 survivors (3072K)
 Metaspace       used 20580K, capacity 21144K, committed 21296K, reserved 1069056K
  class space    used 2193K, capacity 2416K, committed 2432K, reserved 1048576K
}
Event: 1,244 GC heap after
{Heap after GC invocations=2 (full 0):
 garbage-first heap   total 131072K, used 7351K [0x0000000082e00000, 0x0000000100000000)
  region size 1024K, 5 young (5120K), 5 survivors (5120K)
 Metaspace       used 20580K, capacity 21144K, committed 21296K, reserved 1069056K
  class space    used 2193K, capacity 2416K, committed 2432K, reserved 1048576K
}
Event: 1,265 GC heap before
{Heap before GC invocations=3 (full 0):
 garbage-first heap   total 131072K, used 8375K [0x0000000082e00000, 0x0000000100000000)
  region size 1024K, 6 young (6144K), 5 survivors (5120K)
 Metaspace       used 20779K, capacity 21374K, committed 21680K, reserved 1069056K
  class space    used 2227K, capacity 2449K, committed 2560K, reserved 1048576K
}
Event: 1,270 GC heap after
{Heap after GC invocations=4 (full 0):
 garbage-first heap   total 131072K, used 7752K [0x0000000082e00000, 0x0000000100000000)
  region size 1024K, 1 young (1024K), 1 survivors (1024K)
 Metaspace       used 20779K, capacity 21374K, committed 21680K, reserved 1069056K
  class space    used 2227K, capacity 2449K, committed 2560K, reserved 1048576K
}
Event: 3601,270 GC heap before
{Heap before GC invocations=4 (full 0):
 garbage-first heap   total 131072K, used 36424K [0x0000000082e00000, 0x0000000100000000)
  region size 1024K, 30 young (30720K), 1 survivors (1024K)
 Metaspace       used 22071K, capacity 22747K, committed 22960K, reserved 1069056K
  class space    used 2282K, capacity 2526K, committed 2560K, reserved 1048576K
}
Event: 3601,290 GC heap after
{Heap after GC invocations=5 (full 1):
 garbage-first heap   total 131072K, used 7341K [0x0000000082e00000, 0x0000000100000000)
  region size 1024K, 0 young (0K), 0 survivors (0K)
 Metaspace       used 22071K, capacity 22747K, committed 22960K, reserved 1069056K
  class space    used 2282K, capacity 2526K, committed 2560K, reserved 1048576K
}
Event: 7201,291 GC heap before
{Heap before GC invocations=5 (full 1):
 garbage-first heap   total 131072K, used 14509K [0x0000000082e00000, 0x0000000100000000)
  region size 1024K, 8 young (8192K), 0 survivors (0K)
 Metaspace       used 22080K, capacity 22747K, committed 22960K, reserved 1069056K
  class space    used 2282K, capacity 2526K, committed 2560K, reserved 1048576K
}
Event: 7201,312 GC heap after
{Heap after GC invocations=6 (full 2):
 garbage-first heap   total 131072K, used 6549K [0x0000000082e00000, 0x0000000100000000)
  region size 1024K, 0 young (0K), 0 survivors (0K)
 Metaspace       used 21563K, capacity 21947K, committed 22960K, reserved 1069056K
  class space    used 2157K, capacity 2284K, committed 2560K, reserved 1048576K
}
Event: 10801,312 GC heap before
{Heap before GC invocations=6 (full 2):
 garbage-first heap   total 131072K, used 11669K [0x0000000082e00000, 0x0000000100000000)
  region size 1024K, 6 young (6144K), 0 survivors (0K)
 Metaspace       used 21563K, capacity 21947K, committed 22960K, reserved 1069056K
  class space    used 2157K, capacity 2284K, committed 2560K, reserved 1048576K
}
Event: 10801,329 GC heap after
{Heap after GC invocations=7 (full 3):
 garbage-first heap   total 131072K, used 6521K [0x0000000082e00000, 0x0000000100000000)
  region size 1024K, 0 young (0K), 0 survivors (0K)
 Metaspace       used 21563K, capacity 21947K, committed 22960K, reserved 1069056K
  class space    used 2157K, capacity 2284K, committed 2560K, reserved 1048576K
}
Event: 14401,330 GC heap before
{Heap before GC invocations=7 (full 3):
 garbage-first heap   total 131072K, used 11641K [0x0000000082e00000, 0x0000000100000000)
  region size 1024K, 6 young (6144K), 0 survivors (0K)
 Metaspace       used 21563K, capacity 21947K, committed 22960K, reserved 1069056K
  class space    used 2157K, capacity 2284K, committed 2560K, reserved 1048576K
}
Event: 14401,348 GC heap after
{Heap after GC invocations=8 (full 4):
 garbage-first heap   total 131072K, used 6522K [0x0000000082e00000, 0x0000000100000000)
  region size 1024K, 0 young (0K), 0 survivors (0K)
 Metaspace       used 21563K, capacity 21947K, committed 22960K, reserved 1069056K
  class space    used 2157K, capacity 2284K, committed 2560K, reserved 1048576K
}

